<?xml version="1.0" encoding="UTF-8"?>
<!-- Generated by org.testng.reporters.JUnitReportReporter -->
<testsuite hostname="Firozs-Mac-Pro.home" failures="0" tests="1" name="Action_items.Weightwatchers_abstract" time="52.525" errors="0" timestamp="2020-06-02T22:03:37 EDT" skipped="0">
  <testcase classname="Action_items.Weightwatchers_abstract" name="weightWatchers" time="52.525"/>
  <system-out>
Entering a value on element inserting zipcode Capturing a text from element Studio name and Address Capturing a text from element Schedule Entering a value on element inserting zipcode Capturing a text from element Studio name and Address Capturing a text from element Schedule Entering a value on element inserting zipcode Capturing a text from element Studio name and Address Capturing a text from element Schedule  </system-out>
</testsuite> <!-- Action_items.Weightwatchers_abstract -->
