<?xml version="1.0" encoding="UTF-8"?>
<!-- Generated by org.testng.reporters.JUnitReportReporter -->
<testsuite hostname="Firozs-Mac-Pro.home" failures="0" tests="1" name="Action_items.Google_Search_Abstract" time="22.837" errors="0" timestamp="2020-06-02T22:03:37 EDT" skipped="0">
  <testcase classname="Action_items.Google_Search_Abstract" name="googleSearch" time="22.837"/>
  <system-out>
Entering a value on element input and submit Capturing a text from element Search Result Entering a value on element input and submit Capturing a text from element Search Result Entering a value on element input and submit Capturing a text from element Search Result  </system-out>
</testsuite> <!-- Action_items.Google_Search_Abstract -->
