<?xml version="1.0" encoding="UTF-8"?>
<!-- Generated by org.testng.reporters.JUnitReportReporter -->
<testsuite hostname="Firozs-Mac-Pro.home" failures="0" tests="1" name="Day11_05162020.googleSearch_testng" time="15.387" errors="0" timestamp="2020-05-17T12:55:42 EDT" skipped="0">
  <testcase classname="Day11_05162020.googleSearch_testng" name="googleSearch" time="15.387"/>
  <system-out>
Entering a value on element Search Field Submitting a value on element clicking submit Capturing a text from element Search Results searchResult My search number  Entering a value on element Search Field Submitting a value on element clicking submit Capturing a text from element Search Results searchResult My search number   </system-out>
</testsuite> <!-- Day11_05162020.googleSearch_testng -->
