<?xml version="1.0" encoding="UTF-8"?>
<!-- Generated by org.testng.reporters.JUnitReportReporter -->
<testsuite ignored="0" hostname="Firozs-Mac-Pro.home" failures="0" tests="1" name="Day13_05302020.List_Boolean" time="9.102" errors="0" timestamp="30 May 2020 15:15:00 GMT" skipped="0">
  <testcase classname="Day13_05302020.List_Boolean" name="yahoo_verification" time="9.102"/>
</testsuite> <!-- Day13_05302020.List_Boolean -->
