<?xml version="1.0" encoding="UTF-8"?>
<!-- Generated by org.testng.reporters.JUnitReportReporter -->
<testsuite hostname="Firozs-Mac-Pro.home" failures="0" tests="1" name="Day13_05302020.List_Boolean_practice_htmlReport" time="5.336" errors="0" timestamp="2020-05-30T23:10:35 EDT" skipped="0">
  <testcase classname="Day13_05302020.List_Boolean_practice_htmlReport" name="operation" time="5.336"/>
  <system-out/>
</testsuite> <!-- Day13_05302020.List_Boolean_practice_htmlReport -->
