<?xml version="1.0" encoding="UTF-8"?>
<!-- Generated by org.testng.reporters.JUnitReportReporter -->
<testsuite hostname="Firozs-Mac-Pro.home" failures="0" tests="1" name="Day12_05172020.Kayak_Testing_Assertions" time="25.437" errors="0" timestamp="2020-05-20T16:47:18 EDT" skipped="0">
  <testcase classname="Day12_05172020.Kayak_Testing_Assertions" name="KayakTestCase" time="25.437"/>
  <system-out>
Entering a value on element Search field Unable to enter element Search field org.openqa.selenium.TimeoutException: Expected condition failed: waiting for presence of element located by: By.xpath: //div[@name='pickup'] (tried for 20 second(s) with 500 milliseconds interval)  </system-out>
</testsuite> <!-- Day12_05172020.Kayak_Testing_Assertions -->
