<?xml version="1.0" encoding="UTF-8"?>
<!-- Generated by org.testng.reporters.JUnitReportReporter -->
<testsuite ignored="0" hostname="Firozs-Mac-Pro.home" failures="0" tests="1" name="Day13_05302020.List_Boolean_htmlReport" time="70.801" errors="0" timestamp="31 May 2020 01:40:13 GMT" skipped="0">
  <testcase classname="Day13_05302020.List_Boolean_htmlReport" name="yahoo_verification" time="70.801"/>
</testsuite> <!-- Day13_05302020.List_Boolean_htmlReport -->
