<?xml version="1.0" encoding="UTF-8"?>
<!-- Generated by org.testng.reporters.JUnitReportReporter -->
<testsuite hostname="Firozs-Mac-Pro.home" failures="0" tests="1" name="Action_items.MetLife_Abstract" time="110.883" errors="0" timestamp="2020-06-02T22:03:37 EDT" skipped="0">
  <testcase classname="Action_items.MetLife_Abstract" name="MitLife" time="110.883"/>
  <system-out>
Entering a value on element enter zipcodes and submit Entering a value on element Referral Code Capturing a text from element error message Capturing a text from element Capturing the search Result Entering a value on element enter zipcodes and submit Entering a value on element Referral Code Capturing a text from element error message Capturing a text from element Capturing the search Result Entering a value on element enter zipcodes and submit Entering a value on element Referral Code Capturing a text from element error message Capturing a text from element Capturing the search Result  </system-out>
</testsuite> <!-- Action_items.MetLife_Abstract -->
