<?xml version="1.0" encoding="UTF-8"?>
<!-- Generated by org.testng.reporters.JUnitReportReporter -->
<testsuite ignored="0" hostname="Firozs-Mac-Pro.home" failures="0" tests="1" name="Action_items.Kayak_second_try" time="3.244" errors="0" timestamp="23 May 2020 13:19:10 GMT" skipped="0">
  <testcase classname="Action_items.Kayak_second_try" name="operation" time="3.244"/>
</testsuite> <!-- Action_items.Kayak_second_try -->
