<?xml version="1.0" encoding="UTF-8"?>
<!-- Generated by org.testng.reporters.JUnitReportReporter -->
<testsuite hostname="Firozs-Mac-Pro.home" failures="0" tests="1" name="Day14_05312020.Kayak_Data_Driven_TestNG_Logger" time="41.104" errors="0" timestamp="2020-05-31T10:53:45 EDT" skipped="0">
  <testcase classname="Day14_05312020.Kayak_Data_Driven_TestNG_Logger" name="kayakSearch" time="41.104"/>
  <system-out>
Entering a value on element Search Field Entering a value on element Drop-off Date Entering a value on element Pick-up Date Capturing a text from element Car Info  </system-out>
</testsuite> <!-- Day14_05312020.Kayak_Data_Driven_TestNG_Logger -->
