<?xml version="1.0" encoding="UTF-8"?>
<!-- Generated by org.testng.reporters.JUnitReportReporter -->
<testsuite hostname="Firozs-Mac-Pro.home" failures="0" tests="1" name="Day14_05312020.Kayak_Data_Driven_TestNG_Abstract" time="38.077" errors="0" timestamp="2020-05-31T13:39:43 EDT" skipped="0">
  <testcase classname="Day14_05312020.Kayak_Data_Driven_TestNG_Abstract" name="kayakSearch" time="38.077"/>
  <system-out>
Entering a value on element Search Field Entering a value on element Drop-off Date Entering a value on element Pick-up Date Capturing a text from element Car Info  </system-out>
</testsuite> <!-- Day14_05312020.Kayak_Data_Driven_TestNG_Abstract -->
