<?xml version="1.0" encoding="UTF-8"?>
<!-- Generated by org.testng.reporters.JUnitReportReporter -->
<testsuite hostname="Firozs-Mac-Pro.home" failures="0" tests="1" name="Action_items.Actionitem_kayak" time="202.122" errors="0" timestamp="22 May 2020 21:33:22 GMT" skipped="0">
  <testcase classname="Action_items.Actionitem_kayak" name="operation" time="202.122"/>
</testsuite> <!-- Action_items.Actionitem_kayak -->
