<?xml version="1.0" encoding="UTF-8"?>
<!-- Generated by org.testng.reporters.JUnitReportReporter -->
<testsuite hostname="Firozs-Mac-Pro.home" failures="0" tests="1" name="Rest_API.Tests_post" time="2.522" errors="0" timestamp="2020-10-21T12:07:36 EDT" skipped="0">
  <testcase classname="Rest_API.Tests_post" name="test_1_post" time="2.522"/>
  <system-out/>
</testsuite> <!-- Rest_API.Tests_post -->
