<?xml version="1.0" encoding="UTF-8"?>
<!-- Generated by org.testng.reporters.JUnitReportReporter -->
<testsuite hostname="Firozs-Mac-Pro.home" failures="0" tests="1" name="Rest_API.Test_patch" time="0.313" errors="0" timestamp="2020-10-21T12:07:36 EDT" skipped="0">
  <testcase classname="Rest_API.Test_patch" name="test_3_patch" time="0.313"/>
  <system-out/>
</testsuite> <!-- Rest_API.Test_patch -->
