<?xml version="1.0" encoding="UTF-8"?>
<!-- Generated by org.testng.reporters.JUnitReportReporter -->
<testsuite hostname="Firozs-Mac-Pro.home" failures="0" tests="2" name="Rest_API.Test_01GET" time="1.113" errors="0" timestamp="2020-10-21T12:07:36 EDT" skipped="0">
  <testcase classname="Rest_API.Test_01GET" name="test_01" time="0.269"/>
  <system-out/>
  <testcase classname="Rest_API.Test_01GET" name="test_02" time="0.844"/>
  <system-out/>
</testsuite> <!-- Rest_API.Test_01GET -->
